2023-11-22 16:53:06 Erreur RGA : TA00068 - CARABINE T4 223 REM 10 COUPS -  - 1
2024-02-14 03:23:21 Erreur RGA : WI0289 - CARABINE SRX2 POMPE TRACKER 47CM THR 9.3X62 -  - 1
2024-02-14 03:23:23 Erreur RGA : BR00602 - BASE CARABINE BAR 4X ACTION HUNTER 7RM -  - 1
2024-02-14 03:23:23 Erreur RGA : BR00603 - BASE CARABINE BAR 4X ACTION HUNTER LH 30-06 -  - 1
2024-02-14 03:23:23 Erreur RGA : BR00604 - BASE CARABINE BAR 4X ACTION HUNTER LH 300W -  - 1
2024-02-14 03:23:23 Erreur RGA : BR00605 - BASE CARABINE BAR 4X ACTION HUNTER LH 308W -  - 1
2024-02-14 03:23:23 Erreur RGA : BR00606 - BASE CARABINE BAR 4X ACTION HUNTER LH 9.3X62 -  - 1
2024-02-14 03:23:23 Erreur RGA : BR00607 - BASE CARABINE BAR 4X ACTION NORDIC 30-06 -  - 1
2024-02-14 03:23:23 Erreur RGA : BR00608 - BASE CARABINE BAR 4X ACTION NORDIC 300WM -  - 1
2024-02-14 03:23:23 Erreur RGA : BR00609 - BASE CARABINE BAR 4X ACTION NORDIC 308W -  - 1
2024-02-14 03:23:23 Erreur RGA : BR00610 - BASE CARABINE BAR 4X ACTION NORDIC 9.3X62 -  - 1
2024-02-14 03:23:23 Erreur RGA : BR00611 - BASE CARABINE BAR 4X ACTION TRACKS 30-06 -  - 1
2024-02-14 03:23:23 Erreur RGA : BR00612 - BASE CARABINE BAR 4X ACTION TRACKS 300WM -  - 1
2024-02-14 03:23:23 Erreur RGA : BR00613 - BASE CARABINE BAR 4X ACTION TRACKS 9.3X62 -  - 1
2024-02-14 03:23:23 Erreur RGA : BR00614 - BASE CARABINE BAR 4X EDITION AUTUMN THR 30-06 E24 -  - 1
2024-02-14 03:23:23 Erreur RGA : BR00615 - BASE CARABINE BAR 4X EDITION AUTUMN THR 300WM E24 -  - 1
2024-02-14 03:23:23 Erreur RGA : BR00616 - BASE CARABINE BAR 4X EDITION AUTUMN THR 308W E24 -  - 1
2024-02-14 03:23:23 Erreur RGA : BR00617 - BASE CARABINE BAR 4X EDITION AUTUMN THR 9.3X62 E24 -  - 1
2024-02-14 03:23:23 Erreur RGA : BR00618 - BASE CARABINE MARAL 4X ACTION PLATINIUM 30-06 E24 -  - 1
2024-02-14 03:23:23 Erreur RGA : BR00619 - BASE CARABINE MARAL 4X ACTION PLATINIUM 300WM E24 -  - 1
2024-02-14 03:23:23 Erreur RGA : BR00620 - CARABINE T-BOLT COMPO TGT/VMT STAINLESS MOBL NS SM 49CM 17HMR E24 -  - 1
2024-02-14 03:23:23 Erreur RGA : BR00621 - CARABINE T-BOLT COMPO TGT/VMT STAINLESS MOBL NS SM 49CM 22LR E24 -  - 1
2024-02-14 03:23:23 Erreur RGA : BR00622 - FUSIL B525 NEW SPORTER ADJ 12M 76CI INV+ E24 -  - 1
2024-02-14 03:23:23 Erreur RGA : BR00623 - FUSIL B525 SPORTER AUTUMN SILVER 12M 76CI INV+ E24 -  - 1
2024-02-14 03:23:23 Erreur RGA : BR00624 - FUSIL B525 SPORTER COMPOSITE ADJ 12M 76CI INV+ -  - 1
2024-02-14 03:23:33 Erreur RGA : WI0291 - CARABINE SXR2 POMPE COMPO 30-06 -  - 1
2024-02-14 03:23:33 Erreur RGA : WI0292 - CARABINE SXR2 POMPE COMPO 300WM -  - 1
2024-02-14 03:23:33 Erreur RGA : WI0293 - CARABINE SXR2 POMPE COMPO 308W -  - 1
2024-02-14 03:23:33 Erreur RGA : WI0294 - CARABINE SXR2 POMPE FIELD 30-06 -  - 1
2024-02-14 03:23:33 Erreur RGA : WI0295 - CARABINE SXR2 POMPE FIELD 300WM -  - 1
2024-02-14 03:23:33 Erreur RGA : WI0296 - CARABINE SXR2 POMPE FIELD 308W -  - 1
2024-02-14 03:23:33 Erreur RGA : WI0297 - CARABINE SXR2 POMPE TRACKER 30-06 -  - 1
2024-02-14 03:23:33 Erreur RGA : WI0298 - CARABINE SXR2 POMPE TRACKER 300WM -  - 1
2024-02-14 03:23:33 Erreur RGA : WI0299 - CARABINE SXR2 POMPE TRACKER 308W -  - 1
2024-02-14 03:23:34 Erreur RGA : BR00658 - PISTOLET FN 509T 9X9 BI NMS FDE/FDE NDS 2x17 -  - 1
2024-02-14 03:23:34 Erreur RGA : BR00659 - PISTOLET FN 509T 9X9 NMS BLK/BLK NDS 2x17 -  - 1
2024-02-14 03:23:34 Erreur RGA : BR00660 - PISTOLET FN 545T 45ACP BI NMS BLK/BLK GUARD NDS 1x15 1x18 -  - 1
2024-02-14 03:23:34 Erreur RGA : BR00661 - PISTOLET FN 545T 45ACP BI NMS FDE/FDE GUARD NDS 1x15 1x18 -  - 1
2024-02-14 03:23:34 Erreur RGA : WI0302 - CARABINE XPERT COMPO FDE THR 46CM 22LR -  - 1
2024-02-14 03:23:34 Erreur RGA : BR00664 - BASE CARABINE MARAL 4X ACTION HUNTER 7RM -  - 1
2024-02-14 03:23:34 Erreur RGA : BR00669 - CARABINE A-BOLT3+ COMPO BATTUE THR S 30-06 -  - 1
2024-02-14 03:23:34 Erreur RGA : BR00670 - CARABINE A-BOLT3+ COMPO BATTUE THR S 300WM -  - 1
2024-02-14 03:23:34 Erreur RGA : WI0307 - CARABINE SXR2 COMPOSITE LH 30-06 -  - 1
2024-02-14 03:23:34 Erreur RGA : WI0308 - CARABINE SXR2 COMPOSITE LH 308W -  - 1
2024-02-14 03:23:35 Erreur RGA : WI0303 - CARABINE XPERT COMPO STEALTH THR 46CM 22LR -  - 1
2024-02-14 03:23:35 Erreur RGA : WI0304 - CARABINE XPERT COMPO STRATA THR 56CM 22LR -  - 1
2024-02-14 03:23:35 Erreur RGA : WI0305 - FUSIL SX4 HYBRID WATERFOWL MOSGH 12/89 71CI -  - 1
2024-02-14 03:23:35 Erreur RGA : WI0306 - FUSIL SX4 HYBRID WATERFOWL MOSGH 12/89 76CI -  - 1
